2019-06-16 09:21:42 +0000  Initial pipeline context: <IDEDistributionProcessingPipelineContext: 0x7fa78cf49de0; archive(resolved)='<IDEArchive: 0x7fa78d701f40>', distributionTask(resolved)='2', distributionDestination(resolved)='1', distributionMethod(resolved)='<IDEDistributionMethodDevelopmentSigned: 0x7fa7b1ca5070>', team(resolved)='<IDEProvisioningDisambiguatableBasicTeam: 0x7fa7b362cc70; teamID='YKS49JAA4V', teamName='THE WELLNESS COLLECTIVE LTD', teamType='Company', username='vakhruandrew@gmail.com', isFreeProvisioningTeam='0'>'>
	Chain (12, self inclusive):
	<IDEDistributionProcessingPipelineContext: 0x7fa78cf49de0; archive = '<IDEArchive: 0x7fa78d701f40>', distributionMethod='<IDEDistributionMethodDevelopmentSigned: 0x7fa7b1ca5070>', team='<IDEProvisioningDisambiguatableBasicTeam: 0x7fa7b362cc70; teamID='YKS49JAA4V', teamName='THE WELLNESS COLLECTIVE LTD', teamType='Company', username='vakhruandrew@gmail.com', isFreeProvisioningTeam='0'>'>
	<IDEDistributionProcessingPipelineContext: 0x7fa78d7a0300; archive = '<IDEArchive: 0x7fa78d701f40>', distributionMethod='<IDEDistributionMethodDevelopmentSigned: 0x7fa7b1ca5070>', team='<IDEProvisioningDisambiguatableBasicTeam: 0x7fa7b362cc70; teamID='YKS49JAA4V', teamName='THE WELLNESS COLLECTIVE LTD', teamType='Company', username='vakhruandrew@gmail.com', isFreeProvisioningTeam='0'>'>
	<IDEDistributionContext: 0x7fa7901c8850; archive = '<IDEArchive: 0x7fa78d701f40>', distributionMethod='<IDEDistributionMethodDevelopmentSigned: 0x7fa7b1ca5070>', team='<IDEProvisioningDisambiguatableBasicTeam: 0x7fa7b362cc70; teamID='YKS49JAA4V', teamName='THE WELLNESS COLLECTIVE LTD', teamType='Company', username='vakhruandrew@gmail.com', isFreeProvisioningTeam='0'>'>
	<IDEDistributionContext: 0x7fa78b8c8c50; archive = '<IDEArchive: 0x7fa78d701f40>', distributionMethod='<IDEDistributionMethodDevelopmentSigned: 0x7fa7b1ca5070>', team='<IDEProvisioningDisambiguatableBasicTeam: 0x7fa7b362cc70; teamID='YKS49JAA4V', teamName='THE WELLNESS COLLECTIVE LTD', teamType='Company', username='vakhruandrew@gmail.com', isFreeProvisioningTeam='0'>'>
	<IDEDistributionContext: 0x7fa78d3e06e0; archive = '<IDEArchive: 0x7fa78d701f40>', distributionMethod='<IDEDistributionMethodDevelopmentSigned: 0x7fa7b1ca5070>', team='<IDEProvisioningDisambiguatableBasicTeam: 0x7fa7b362cc70; teamID='YKS49JAA4V', teamName='THE WELLNESS COLLECTIVE LTD', teamType='Company', username='vakhruandrew@gmail.com', isFreeProvisioningTeam='0'>'>
	<IDEDistributionContext: 0x7fa78bafaca0; archive = '<IDEArchive: 0x7fa78d701f40>', distributionMethod='<IDEDistributionMethodDevelopmentSigned: 0x7fa7b1ca5070>', team='<IDEProvisioningDisambiguatableBasicTeam: 0x7fa7b362cc70; teamID='YKS49JAA4V', teamName='THE WELLNESS COLLECTIVE LTD', teamType='Company', username='vakhruandrew@gmail.com', isFreeProvisioningTeam='0'>'>
	<IDEDistributionContext: 0x7fa78bc44770; archive = '<IDEArchive: 0x7fa78d701f40>', distributionMethod='<IDEDistributionMethodDevelopmentSigned: 0x7fa7b1ca5070>', team='<IDEProvisioningDisambiguatableBasicTeam: 0x7fa7b362cc70; teamID='YKS49JAA4V', teamName='THE WELLNESS COLLECTIVE LTD', teamType='Company', username='vakhruandrew@gmail.com', isFreeProvisioningTeam='0'>'>
	<IDEDistributionContext: 0x7fa78ccee450; archive = '<IDEArchive: 0x7fa78d701f40>', distributionMethod='<IDEDistributionMethodDevelopmentSigned: 0x7fa7b1ca5070>', team='<IDEProvisioningDisambiguatableBasicTeam: 0x7fa7b362cc70; teamID='YKS49JAA4V', teamName='THE WELLNESS COLLECTIVE LTD', teamType='Company', username='vakhruandrew@gmail.com', isFreeProvisioningTeam='0'>'>
	<IDEDistributionContext: 0x7fa78cae97f0; archive = '<IDEArchive: 0x7fa78d701f40>', distributionMethod='<IDEDistributionMethodDevelopmentSigned: 0x7fa7b1ca5070>', team='<IDEProvisioningDisambiguatableBasicTeam: 0x7fa7b362cc70; teamID='YKS49JAA4V', teamName='THE WELLNESS COLLECTIVE LTD', teamType='Company', username='vakhruandrew@gmail.com', isFreeProvisioningTeam='0'>'>
	<IDEDistributionContext: 0x7fa790273690; archive = '<IDEArchive: 0x7fa78d701f40>', distributionMethod='<IDEDistributionMethodDevelopmentSigned: 0x7fa7b1ca5070>', team='(null)'>
	<IDEDistributionContext: 0x7fa79ba22e50; archive = '<IDEArchive: 0x7fa78d701f40>', distributionMethod='<IDEDistributionMethodDevelopmentSigned: 0x7fa7b1ca5070>', team='(null)'>
	<IDEDistributionContext: 0x7fa790276470; archive = '<IDEArchive: 0x7fa78d701f40>', distributionMethod='(null)', team='(null)'>
</IDEDistributionProcessingPipelineContext: 0x7fa78cf49de0>
2019-06-16 09:21:42 +0000  Processing step: IDEDistributionCreateDestRootStep
2019-06-16 09:21:42 +0000  Processing step: IDEDistributionCopyItemStep
2019-06-16 09:21:42 +0000  Running /usr/bin/ditto '-V' '/Users/webengineer/Library/Developer/Xcode/Archives/2019-06-16/jesey 6-16-19, 2.12 AM.xcarchive/Products/Applications/jesey.app' '/var/folders/6y/7r_zbv256ng6t3jb2tcsk2xc0000gn/T/XcodeDistPipeline.~~~ZAELQk/Root/Payload/jesey.app'
2019-06-16 09:21:42 +0000  >>> Copying /Users/webengineer/Library/Developer/Xcode/Archives/2019-06-16/jesey 6-16-19, 2.12 AM.xcarchive/Products/Applications/jesey.app 
2019-06-16 09:21:43 +0000  copying file ./_CodeSignature/CodeResources ... 
2019-06-16 09:21:43 +0000  38975 bytes for ./_CodeSignature/CodeResources
copying file ./AppIcon20x20@2x.png ... 
488 bytes for ./AppIcon20x20@2x.png
copying file ./AppIcon57x57.png ... 
2019-06-16 09:21:43 +0000  561 bytes for ./AppIcon57x57.png
copying file ./AppIcon20x20@3x.png ... 
2019-06-16 09:21:43 +0000  599 bytes for ./AppIcon20x20@3x.png
copying file ./AppIcon29x29.png ... 
2019-06-16 09:21:43 +0000  378 bytes for ./AppIcon29x29.png
copying file ./gRPCCertificates-Firestore.bundle/roots.pem ... 
270187 bytes for ./gRPCCertificates-Firestore.bundle/roots.pem
copying file ./gRPCCertificates-Firestore.bundle/Info.plist ... 
754 bytes for ./gRPCCertificates-Firestore.bundle/Info.plist
copying file ./jesey ... 
2019-06-16 09:21:43 +0000  14562624 bytes for ./jesey
copying file ./Calibri-Bold.ttf ... 
2019-06-16 09:21:43 +0000  262886 bytes for ./Calibri-Bold.ttf
copying file ./AppIcon60x60@2x.png ... 
2019-06-16 09:21:43 +0000  1024 bytes for ./AppIcon60x60@2x.png
copying file ./AppIcon72x72@2x~ipad.png ... 
1107 bytes for ./AppIcon72x72@2x~ipad.png
copying file ./AppIcon29x29@2x.png ... 
596 bytes for ./AppIcon29x29@2x.png
copying file ./AppIcon40x40@3x.png ... 
1024 bytes for ./AppIcon40x40@3x.png
copying file ./AppIcon57x57@2x.png ... 
2019-06-16 09:21:43 +0000  1003 bytes for ./AppIcon57x57@2x.png
copying file ./AppIcon29x29~ipad.png ... 
2019-06-16 09:21:43 +0000  378 bytes for ./AppIcon29x29~ipad.png
copying file ./AppIcon40x40@2x.png ... 
2019-06-16 09:21:43 +0000  816 bytes for ./AppIcon40x40@2x.png
copying file ./AppIcon29x29@3x.png ... 
2019-06-16 09:21:43 +0000  869 bytes for ./AppIcon29x29@3x.png
copying file ./GoogleService-Info.plist ... 
2019-06-16 09:21:43 +0000  857 bytes for ./GoogleService-Info.plist
copying file ./AppIcon60x60@3x.png ... 
1346 bytes for ./AppIcon60x60@3x.png
2019-06-16 09:21:43 +0000  copying file ./Base.lproj/LaunchScreen.nib ... 
2019-06-16 09:21:43 +0000  842 bytes for ./Base.lproj/LaunchScreen.nib
2019-06-16 09:21:43 +0000  copying file ./GoogleSignIn.bundle/de.lproj/GoogleSignIn.strings ... 
2334 bytes for ./GoogleSignIn.bundle/de.lproj/GoogleSignIn.strings
copying file ./GoogleSignIn.bundle/he.lproj/GoogleSignIn.strings ... 
2019-06-16 09:21:43 +0000  2423 bytes for ./GoogleSignIn.bundle/he.lproj/GoogleSignIn.strings
2019-06-16 09:21:43 +0000  copying file ./GoogleSignIn.bundle/ar.lproj/GoogleSignIn.strings ... 
2449 bytes for ./GoogleSignIn.bundle/ar.lproj/GoogleSignIn.strings
2019-06-16 09:21:43 +0000  copying file ./GoogleSignIn.bundle/el.lproj/GoogleSignIn.strings ... 
2860 bytes for ./GoogleSignIn.bundle/el.lproj/GoogleSignIn.strings
2019-06-16 09:21:43 +0000  copying file ./GoogleSignIn.bundle/ja.lproj/GoogleSignIn.strings ... 
2380 bytes for ./GoogleSignIn.bundle/ja.lproj/GoogleSignIn.strings
copying file ./GoogleSignIn.bundle/en.lproj/GoogleSignIn.strings ... 
2019-06-16 09:21:43 +0000  2116 bytes for ./GoogleSignIn.bundle/en.lproj/GoogleSignIn.strings
copying file ./GoogleSignIn.bundle/uk.lproj/GoogleSignIn.strings ... 
2019-06-16 09:21:43 +0000  2611 bytes for ./GoogleSignIn.bundle/uk.lproj/GoogleSignIn.strings
2019-06-16 09:21:43 +0000  copying file ./GoogleSignIn.bundle/es_MX.lproj/GoogleSignIn.strings ... 
2019-06-16 09:21:43 +0000  2184 bytes for ./GoogleSignIn.bundle/es_MX.lproj/GoogleSignIn.strings
copying file ./GoogleSignIn.bundle/zh_CN.lproj/GoogleSignIn.strings ... 
2019-06-16 09:21:43 +0000  2096 bytes for ./GoogleSignIn.bundle/zh_CN.lproj/GoogleSignIn.strings
2019-06-16 09:21:43 +0000  copying file ./GoogleSignIn.bundle/nb.lproj/GoogleSignIn.strings ... 
2173 bytes for ./GoogleSignIn.bundle/nb.lproj/GoogleSignIn.strings
2019-06-16 09:21:43 +0000  copying file ./GoogleSignIn.bundle/es.lproj/GoogleSignIn.strings ... 
2019-06-16 09:21:43 +0000  2298 bytes for ./GoogleSignIn.bundle/es.lproj/GoogleSignIn.strings
copying file ./GoogleSignIn.bundle/pt_BR.lproj/GoogleSignIn.strings ... 
2019-06-16 09:21:43 +0000  2227 bytes for ./GoogleSignIn.bundle/pt_BR.lproj/GoogleSignIn.strings
2019-06-16 09:21:43 +0000  copying file ./GoogleSignIn.bundle/da.lproj/GoogleSignIn.strings ... 
2019-06-16 09:21:43 +0000  2193 bytes for ./GoogleSignIn.bundle/da.lproj/GoogleSignIn.strings
2019-06-16 09:21:43 +0000  copying file ./GoogleSignIn.bundle/it.lproj/GoogleSignIn.strings ... 
2155 bytes for ./GoogleSignIn.bundle/it.lproj/GoogleSignIn.strings
copying file ./GoogleSignIn.bundle/sk.lproj/GoogleSignIn.strings ... 
2019-06-16 09:21:43 +0000  2305 bytes for ./GoogleSignIn.bundle/sk.lproj/GoogleSignIn.strings
2019-06-16 09:21:43 +0000  copying file ./GoogleSignIn.bundle/pt_PT.lproj/GoogleSignIn.strings ... 
2019-06-16 09:21:43 +0000  2265 bytes for ./GoogleSignIn.bundle/pt_PT.lproj/GoogleSignIn.strings
copying file ./GoogleSignIn.bundle/google@3x.png ... 
2019-06-16 09:21:43 +0000  1622 bytes for ./GoogleSignIn.bundle/google@3x.png
copying file ./GoogleSignIn.bundle/ms.lproj/GoogleSignIn.strings ... 
2019-06-16 09:21:43 +0000  2157 bytes for ./GoogleSignIn.bundle/ms.lproj/GoogleSignIn.strings
copying file ./GoogleSignIn.bundle/sv.lproj/GoogleSignIn.strings ... 
2176 bytes for ./GoogleSignIn.bundle/sv.lproj/GoogleSignIn.strings
copying file ./GoogleSignIn.bundle/cs.lproj/GoogleSignIn.strings ... 
2244 bytes for ./GoogleSignIn.bundle/cs.lproj/GoogleSignIn.strings
copying file ./GoogleSignIn.bundle/google@2x.png ... 
987 bytes for ./GoogleSignIn.bundle/google@2x.png
copying file ./GoogleSignIn.bundle/ko.lproj/GoogleSignIn.strings ... 
2252 bytes for ./GoogleSignIn.bundle/ko.lproj/GoogleSignIn.strings
2019-06-16 09:21:43 +0000  copying file ./GoogleSignIn.bundle/hu.lproj/GoogleSignIn.strings ... 
2019-06-16 09:21:43 +0000  2304 bytes for ./GoogleSignIn.bundle/hu.lproj/GoogleSignIn.strings
2019-06-16 09:21:43 +0000  copying file ./GoogleSignIn.bundle/tr.lproj/GoogleSignIn.strings ... 
2019-06-16 09:21:43 +0000  2201 bytes for ./GoogleSignIn.bundle/tr.lproj/GoogleSignIn.strings
2019-06-16 09:21:43 +0000  copying file ./GoogleSignIn.bundle/pl.lproj/GoogleSignIn.strings ... 
2019-06-16 09:21:43 +0000  2175 bytes for ./GoogleSignIn.bundle/pl.lproj/GoogleSignIn.strings
2019-06-16 09:21:43 +0000  copying file ./GoogleSignIn.bundle/zh_TW.lproj/GoogleSignIn.strings ... 
2019-06-16 09:21:43 +0000  2110 bytes for ./GoogleSignIn.bundle/zh_TW.lproj/GoogleSignIn.strings
copying file ./GoogleSignIn.bundle/en_GB.lproj/GoogleSignIn.strings ... 
2019-06-16 09:21:43 +0000  2116 bytes for ./GoogleSignIn.bundle/en_GB.lproj/GoogleSignIn.strings
2019-06-16 09:21:43 +0000  copying file ./GoogleSignIn.bundle/vi.lproj/GoogleSignIn.strings ... 
2355 bytes for ./GoogleSignIn.bundle/vi.lproj/GoogleSignIn.strings
2019-06-16 09:21:43 +0000  copying file ./GoogleSignIn.bundle/ru.lproj/GoogleSignIn.strings ... 
2690 bytes for ./GoogleSignIn.bundle/ru.lproj/GoogleSignIn.strings
2019-06-16 09:21:43 +0000  copying file ./GoogleSignIn.bundle/fr_CA.lproj/GoogleSignIn.strings ... 
2298 bytes for ./GoogleSignIn.bundle/fr_CA.lproj/GoogleSignIn.strings
2019-06-16 09:21:43 +0000  copying file ./GoogleSignIn.bundle/fr.lproj/GoogleSignIn.strings ... 
2019-06-16 09:21:43 +0000  2305 bytes for ./GoogleSignIn.bundle/fr.lproj/GoogleSignIn.strings
copying file ./GoogleSignIn.bundle/fi.lproj/GoogleSignIn.strings ... 
2236 bytes for ./GoogleSignIn.bundle/fi.lproj/GoogleSignIn.strings
copying file ./GoogleSignIn.bundle/id.lproj/GoogleSignIn.strings ... 
2120 bytes for ./GoogleSignIn.bundle/id.lproj/GoogleSignIn.strings
copying file ./GoogleSignIn.bundle/nl.lproj/GoogleSignIn.strings ... 
2199 bytes for ./GoogleSignIn.bundle/nl.lproj/GoogleSignIn.strings
copying file ./GoogleSignIn.bundle/th.lproj/GoogleSignIn.strings ... 
2907 bytes for ./GoogleSignIn.bundle/th.lproj/GoogleSignIn.strings
copying file ./GoogleSignIn.bundle/pt.lproj/GoogleSignIn.strings ... 
2019-06-16 09:21:43 +0000  2227 bytes for ./GoogleSignIn.bundle/pt.lproj/GoogleSignIn.strings
copying file ./GoogleSignIn.bundle/google.png ... 
2019-06-16 09:21:43 +0000  572 bytes for ./GoogleSignIn.bundle/google.png
copying file ./GoogleSignIn.bundle/Roboto-Bold.ttf ... 
2019-06-16 09:21:43 +0000  127744 bytes for ./GoogleSignIn.bundle/Roboto-Bold.ttf
2019-06-16 09:21:43 +0000  copying file ./GoogleSignIn.bundle/ro.lproj/GoogleSignIn.strings ... 
2019-06-16 09:21:43 +0000  2216 bytes for ./GoogleSignIn.bundle/ro.lproj/GoogleSignIn.strings
copying file ./GoogleSignIn.bundle/Info.plist ... 
2019-06-16 09:21:43 +0000  753 bytes for ./GoogleSignIn.bundle/Info.plist
2019-06-16 09:21:43 +0000  copying file ./GoogleSignIn.bundle/hr.lproj/GoogleSignIn.strings ... 
2019-06-16 09:21:43 +0000  2222 bytes for ./GoogleSignIn.bundle/hr.lproj/GoogleSignIn.strings
2019-06-16 09:21:43 +0000  copying file ./GoogleSignIn.bundle/hi.lproj/GoogleSignIn.strings ... 
3087 bytes for ./GoogleSignIn.bundle/hi.lproj/GoogleSignIn.strings
2019-06-16 09:21:43 +0000  copying file ./GoogleSignIn.bundle/ca.lproj/GoogleSignIn.strings ... 
2019-06-16 09:21:43 +0000  2327 bytes for ./GoogleSignIn.bundle/ca.lproj/GoogleSignIn.strings
copying file ./Roboto.ttf ... 
2019-06-16 09:21:43 +0000  171676 bytes for ./Roboto.ttf
copying file ./Assets.car ... 
2019-06-16 09:21:43 +0000  62280 bytes for ./Assets.car
copying file ./AppIcon40x40@2x~ipad.png ... 
2019-06-16 09:21:43 +0000  816 bytes for ./AppIcon40x40@2x~ipad.png
copying file ./AppIcon76x76@2x~ipad.png ... 
2019-06-16 09:21:43 +0000  1222 bytes for ./AppIcon76x76@2x~ipad.png
copying file ./AppIcon72x72~ipad.png ... 
2019-06-16 09:21:43 +0000  738 bytes for ./AppIcon72x72~ipad.png
copying file ./main.jsbundle ... 
1668211 bytes for ./main.jsbundle
copying file ./AppIcon83.5x83.5@2x~ipad.png ... 
1334 bytes for ./AppIcon83.5x83.5@2x~ipad.png
copying file ./AppIcon50x50~ipad.png ... 
2019-06-16 09:21:43 +0000  529 bytes for ./AppIcon50x50~ipad.png
copying file ./AppIcon29x29@2x~ipad.png ... 
596 bytes for ./AppIcon29x29@2x~ipad.png
copying file ./AppIcon50x50@2x~ipad.png ... 
913 bytes for ./AppIcon50x50@2x~ipad.png
copying file ./AppIcon40x40~ipad.png ... 
2019-06-16 09:21:43 +0000  488 bytes for ./AppIcon40x40~ipad.png
copying file ./AppIcon20x20~ipad.png ... 
2019-06-16 09:21:43 +0000  337 bytes for ./AppIcon20x20~ipad.png
2019-06-16 09:21:43 +0000  copying file ./embedded.mobileprovision ... 
2019-06-16 09:21:43 +0000  11031 bytes for ./embedded.mobileprovision
copying file ./Roboto-Bold.ttf ... 
2019-06-16 09:21:43 +0000  170760 bytes for ./Roboto-Bold.ttf
2019-06-16 09:21:43 +0000  copying file ./assets/node_modules/react-navigation-stack/src/views/assets/back-icon@3x.png ... 
2019-06-16 09:21:43 +0000  761 bytes for ./assets/node_modules/react-navigation-stack/src/views/assets/back-icon@3x.png
copying file ./assets/node_modules/react-navigation-stack/src/views/assets/back-icon@2x.png ... 
2019-06-16 09:21:43 +0000  405 bytes for ./assets/node_modules/react-navigation-stack/src/views/assets/back-icon@2x.png
copying file ./assets/node_modules/react-navigation-stack/src/views/assets/back-icon.png ... 
2019-06-16 09:21:43 +0000  290 bytes for ./assets/node_modules/react-navigation-stack/src/views/assets/back-icon.png
copying file ./assets/node_modules/react-navigation-stack/src/views/assets/back-icon-mask.png ... 
2019-06-16 09:21:43 +0000  1619 bytes for ./assets/node_modules/react-navigation-stack/src/views/assets/back-icon-mask.png
copying file ./assets/assets/images/dictationGlyph/dictationGlyph@3x.png ... 
2019-06-16 09:21:43 +0000  1791 bytes for ./assets/assets/images/dictationGlyph/dictationGlyph@3x.png
copying file ./assets/assets/images/dictationGlyph/dictationGlyph@2x.png ... 
2019-06-16 09:21:43 +0000  1035 bytes for ./assets/assets/images/dictationGlyph/dictationGlyph@2x.png
copying file ./assets/assets/images/dictationGlyph/dictationGlyph.png ... 
2019-06-16 09:21:43 +0000  527 bytes for ./assets/assets/images/dictationGlyph/dictationGlyph.png
copying file ./assets/assets/images/googleIcon/googleIcon@3x.png ... 
3547 bytes for ./assets/assets/images/googleIcon/googleIcon@3x.png
copying file ./assets/assets/images/googleIcon/googleIcon@2x.png ... 
2019-06-16 09:21:43 +0000  2455 bytes for ./assets/assets/images/googleIcon/googleIcon@2x.png
copying file ./assets/assets/images/googleIcon/googleIcon.png ... 
2019-06-16 09:21:43 +0000  1319 bytes for ./assets/assets/images/googleIcon/googleIcon.png
copying file ./assets/assets/images/jeseyLogo/jeseyLogo@2x.png ... 
3933 bytes for ./assets/assets/images/jeseyLogo/jeseyLogo@2x.png
copying file ./assets/assets/images/jeseyLogo/jeseyLogo.png ... 
2019-06-16 09:21:43 +0000  1921 bytes for ./assets/assets/images/jeseyLogo/jeseyLogo.png
copying file ./assets/assets/images/jeseyLogo/jeseyLogo@3x.png ... 
2019-06-16 09:21:43 +0000  6005 bytes for ./assets/assets/images/jeseyLogo/jeseyLogo@3x.png
2019-06-16 09:21:43 +0000  copying file ./assets/assets/images/jeseyLogoText/jeseyLogoText@3x.png ... 
2019-06-16 09:21:43 +0000  1769 bytes for ./assets/assets/images/jeseyLogoText/jeseyLogoText@3x.png
copying file ./assets/assets/images/jeseyLogoText/jeseyLogoText@2x.png ... 
2019-06-16 09:21:43 +0000  1236 bytes for ./assets/assets/images/jeseyLogoText/jeseyLogoText@2x.png
copying file ./assets/assets/images/jeseyLogoText/jeseyLogoText.png ... 
679 bytes for ./assets/assets/images/jeseyLogoText/jeseyLogoText.png
2019-06-16 09:21:43 +0000  copying file ./assets/assets/images/share/share@2x.png ... 
2019-06-16 09:21:43 +0000  539 bytes for ./assets/assets/images/share/share@2x.png
copying file ./assets/assets/images/share/share@3x.png ... 
2019-06-16 09:21:43 +0000  781 bytes for ./assets/assets/images/share/share@3x.png
copying file ./assets/assets/images/share/share.png ... 
297 bytes for ./assets/assets/images/share/share.png
copying file ./assets/assets/chatGif.gif ... 
2019-06-16 09:21:43 +0000  3784136 bytes for ./assets/assets/chatGif.gif
copying file ./AppIcon20x20@2x~ipad.png ... 
2019-06-16 09:21:43 +0000  488 bytes for ./AppIcon20x20@2x~ipad.png
copying file ./Info.plist ... 
2019-06-16 09:21:43 +0000  1991 bytes for ./Info.plist
2019-06-16 09:21:43 +0000  copying file ./Calibri.ttf ... 
2019-06-16 09:21:43 +0000  264052 bytes for ./Calibri.ttf
copying file ./PkgInfo ... 
2019-06-16 09:21:43 +0000  8 bytes for ./PkgInfo
copying file ./AppIcon76x76~ipad.png ... 
2019-06-16 09:21:43 +0000  820 bytes for ./AppIcon76x76~ipad.png
2019-06-16 09:21:43 +0000  /usr/bin/ditto exited with 0
2019-06-16 09:21:43 +0000  Processing step: IDEDistributionEmbedProfileStep
2019-06-16 09:21:43 +0000  Processing step: IDEDistributionAppThinningPlistStep
2019-06-16 09:21:43 +0000  Skipping step: IDEDistributionAppThinningPlistStep because it said so
2019-06-16 09:21:43 +0000  Processing step: IDEDistributionCompileBitcodeStep
2019-06-16 09:21:43 +0000  Skipping step: IDEDistributionCompileBitcodeStep because it said so
2019-06-16 09:21:43 +0000  Processing step: IDEDistributionCodeSlimmingStep
2019-06-16 09:21:43 +0000  Processing step: IDEDistributionCopyBCSymbolMapsStep
2019-06-16 09:21:43 +0000  Skipping step: IDEDistributionCopyBCSymbolMapsStep because it said so
2019-06-16 09:21:43 +0000  Processing step: IDEDistributionSymbolsStep
2019-06-16 09:21:43 +0000  Skipping step: IDEDistributionSymbolsStep because it said so
2019-06-16 09:21:43 +0000  Processing step: IDEDistributionAppThinningStep
2019-06-16 09:21:43 +0000  Skipping step: IDEDistributionAppThinningStep because it said so
2019-06-16 09:21:43 +0000  Processing step: IDEDistributionArchThinningStep
2019-06-16 09:21:43 +0000  Running /Applications/Xcode.app/Contents/Developer/Toolchains/XcodeDefault.xctoolchain/usr/bin/lipo '/var/folders/6y/7r_zbv256ng6t3jb2tcsk2xc0000gn/T/XcodeDistPipeline.~~~ZAELQk/Root/Payload/jesey.app/jesey' '-verify_arch' 'arm64e'
2019-06-16 09:21:43 +0000  /Applications/Xcode.app/Contents/Developer/Toolchains/XcodeDefault.xctoolchain/usr/bin/lipo exited with 1
2019-06-16 09:21:43 +0000  Skipping architecture thinning for item "jesey" because arch "arm64e" wasn't found
2019-06-16 09:21:43 +0000  Processing step: IDEDistributionODRStep
2019-06-16 09:21:43 +0000  Processing step: IDEDistributionStripXattrsStep
2019-06-16 09:21:43 +0000  Running /usr/bin/xattr '-crs' '/var/folders/6y/7r_zbv256ng6t3jb2tcsk2xc0000gn/T/XcodeDistPipeline.~~~ZAELQk/Root/Payload/jesey.app'
2019-06-16 09:21:47 +0000  /usr/bin/xattr exited with 0
2019-06-16 09:21:47 +0000  Processing step: IDEDistributionCodesignStep
2019-06-16 09:21:47 +0000  Entitlements for <IDEDistributionItem: 0x7fa78b9da0b0 'co.jesey.app' '<DVTFilePath:0x7fa78d3ea090:'/Users/webengineer/Library/Developer/Xcode/Archives/2019-06-16/jesey 6-16-19, 2.12 AM.xcarchive/Products/Applications/jesey.app'>'>: {
    "application-identifier" = "YKS49JAA4V.co.jesey.app";
    "com.apple.developer.team-identifier" = YKS49JAA4V;
    "get-task-allow" = 1;
    "keychain-access-groups" =     (
        "YKS49JAA4V.co.jesey.app"
    );
}
2019-06-16 09:21:47 +0000  Writing entitlements for <IDEDistributionItem: 0x7fa78b9da0b0 'co.jesey.app' '<DVTFilePath:0x7fa78d3ea090:'/Users/webengineer/Library/Developer/Xcode/Archives/2019-06-16/jesey 6-16-19, 2.12 AM.xcarchive/Products/Applications/jesey.app'>'> to: /var/folders/6y/7r_zbv256ng6t3jb2tcsk2xc0000gn/T/XcodeDistPipeline.~~~ZAELQk/entitlements~~~UAj1DS
2019-06-16 09:21:47 +0000  Running /usr/bin/codesign '-vvv' '--force' '--sign' '2D1EBB2E957C6C251315E10B7115E477284EBAEF' '--entitlements' '/var/folders/6y/7r_zbv256ng6t3jb2tcsk2xc0000gn/T/XcodeDistPipeline.~~~ZAELQk/entitlements~~~UAj1DS' '--preserve-metadata=identifier,flags,runtime' '/var/folders/6y/7r_zbv256ng6t3jb2tcsk2xc0000gn/T/XcodeDistPipeline.~~~ZAELQk/Root/Payload/jesey.app'
2019-06-16 09:21:47 +0000  /var/folders/6y/7r_zbv256ng6t3jb2tcsk2xc0000gn/T/XcodeDistPipeline.~~~ZAELQk/Root/Payload/jesey.app: replacing existing signature
2019-06-16 09:21:47 +0000  
2019-06-16 09:21:48 +0000  /var/folders/6y/7r_zbv256ng6t3jb2tcsk2xc0000gn/T/XcodeDistPipeline.~~~ZAELQk/Root/Payload/jesey.app: signed app bundle with Mach-O universal (armv7 arm64) [co.jesey.app]
2019-06-16 09:21:48 +0000  /usr/bin/codesign exited with 0
2019-06-16 09:21:48 +0000  Processing step: IDEDistributionZipODRItemStep
2019-06-16 09:21:48 +0000  Skipping step: IDEDistributionZipODRItemStep because it said so
2019-06-16 09:21:48 +0000  Processing step: IDEDistributionCreateIPAStep
2019-06-16 09:21:48 +0000  Running /usr/bin/ditto '-V' '-c' '-k' '--norsrc' '/var/folders/6y/7r_zbv256ng6t3jb2tcsk2xc0000gn/T/XcodeDistPipeline.~~~ZAELQk/Root' '/var/folders/6y/7r_zbv256ng6t3jb2tcsk2xc0000gn/T/XcodeDistPipeline.~~~ZAELQk/Packages/jesey.ipa'
2019-06-16 09:21:48 +0000  >>> Copying /var/folders/6y/7r_zbv256ng6t3jb2tcsk2xc0000gn/T/XcodeDistPipeline.~~~ZAELQk/Root 
2019-06-16 09:21:48 +0000  copying file ./Payload/jesey.app/_CodeSignature/CodeResources ... 
2019-06-16 09:21:48 +0000  38975 bytes for ./Payload/jesey.app/_CodeSignature/CodeResources
2019-06-16 09:21:48 +0000  copying file ./Payload/jesey.app/AppIcon20x20@2x.png ... 
488 bytes for ./Payload/jesey.app/AppIcon20x20@2x.png
copying file ./Payload/jesey.app/AppIcon57x57.png ... 
561 bytes for ./Payload/jesey.app/AppIcon57x57.png
copying file ./Payload/jesey.app/AppIcon20x20@3x.png ... 
2019-06-16 09:21:48 +0000  599 bytes for ./Payload/jesey.app/AppIcon20x20@3x.png
copying file ./Payload/jesey.app/AppIcon29x29.png ... 
378 bytes for ./Payload/jesey.app/AppIcon29x29.png
copying file ./Payload/jesey.app/gRPCCertificates-Firestore.bundle/roots.pem ... 
2019-06-16 09:21:48 +0000  270187 bytes for ./Payload/jesey.app/gRPCCertificates-Firestore.bundle/roots.pem
2019-06-16 09:21:48 +0000  copying file ./Payload/jesey.app/gRPCCertificates-Firestore.bundle/Info.plist ... 
754 bytes for ./Payload/jesey.app/gRPCCertificates-Firestore.bundle/Info.plist
copying file ./Payload/jesey.app/jesey ... 
2019-06-16 09:21:51 +0000  14562624 bytes for ./Payload/jesey.app/jesey
copying file ./Payload/jesey.app/Calibri-Bold.ttf ... 
2019-06-16 09:21:51 +0000  262886 bytes for ./Payload/jesey.app/Calibri-Bold.ttf
2019-06-16 09:21:51 +0000  copying file ./Payload/jesey.app/AppIcon60x60@2x.png ... 
1024 bytes for ./Payload/jesey.app/AppIcon60x60@2x.png
copying file ./Payload/jesey.app/AppIcon72x72@2x~ipad.png ... 
1107 bytes for ./Payload/jesey.app/AppIcon72x72@2x~ipad.png
copying file ./Payload/jesey.app/AppIcon29x29@2x.png ... 
2019-06-16 09:21:51 +0000  596 bytes for ./Payload/jesey.app/AppIcon29x29@2x.png
2019-06-16 09:21:51 +0000  copying file ./Payload/jesey.app/AppIcon40x40@3x.png ... 
1024 bytes for ./Payload/jesey.app/AppIcon40x40@3x.png
copying file ./Payload/jesey.app/AppIcon57x57@2x.png ... 
1003 bytes for ./Payload/jesey.app/AppIcon57x57@2x.png
copying file ./Payload/jesey.app/AppIcon29x29~ipad.png ... 
2019-06-16 09:21:51 +0000  378 bytes for ./Payload/jesey.app/AppIcon29x29~ipad.png
copying file ./Payload/jesey.app/AppIcon40x40@2x.png ... 
2019-06-16 09:21:51 +0000  816 bytes for ./Payload/jesey.app/AppIcon40x40@2x.png
copying file ./Payload/jesey.app/AppIcon29x29@3x.png ... 
2019-06-16 09:21:51 +0000  869 bytes for ./Payload/jesey.app/AppIcon29x29@3x.png
copying file ./Payload/jesey.app/GoogleService-Info.plist ... 
2019-06-16 09:21:51 +0000  857 bytes for ./Payload/jesey.app/GoogleService-Info.plist
2019-06-16 09:21:51 +0000  copying file ./Payload/jesey.app/AppIcon60x60@3x.png ... 
1346 bytes for ./Payload/jesey.app/AppIcon60x60@3x.png
copying file ./Payload/jesey.app/Base.lproj/LaunchScreen.nib ... 
2019-06-16 09:21:51 +0000  842 bytes for ./Payload/jesey.app/Base.lproj/LaunchScreen.nib
2019-06-16 09:21:51 +0000  copying file ./Payload/jesey.app/GoogleSignIn.bundle/de.lproj/GoogleSignIn.strings ... 
2019-06-16 09:21:51 +0000  2334 bytes for ./Payload/jesey.app/GoogleSignIn.bundle/de.lproj/GoogleSignIn.strings
copying file ./Payload/jesey.app/GoogleSignIn.bundle/he.lproj/GoogleSignIn.strings ... 
2423 bytes for ./Payload/jesey.app/GoogleSignIn.bundle/he.lproj/GoogleSignIn.strings
copying file ./Payload/jesey.app/GoogleSignIn.bundle/ar.lproj/GoogleSignIn.strings ... 
2449 bytes for ./Payload/jesey.app/GoogleSignIn.bundle/ar.lproj/GoogleSignIn.strings
copying file ./Payload/jesey.app/GoogleSignIn.bundle/el.lproj/GoogleSignIn.strings ... 
2860 bytes for ./Payload/jesey.app/GoogleSignIn.bundle/el.lproj/GoogleSignIn.strings
copying file ./Payload/jesey.app/GoogleSignIn.bundle/ja.lproj/GoogleSignIn.strings ... 
2380 bytes for ./Payload/jesey.app/GoogleSignIn.bundle/ja.lproj/GoogleSignIn.strings
copying file ./Payload/jesey.app/GoogleSignIn.bundle/en.lproj/GoogleSignIn.strings ... 
2116 bytes for ./Payload/jesey.app/GoogleSignIn.bundle/en.lproj/GoogleSignIn.strings
2019-06-16 09:21:51 +0000  copying file ./Payload/jesey.app/GoogleSignIn.bundle/uk.lproj/GoogleSignIn.strings ... 
2611 bytes for ./Payload/jesey.app/GoogleSignIn.bundle/uk.lproj/GoogleSignIn.strings
copying file ./Payload/jesey.app/GoogleSignIn.bundle/es_MX.lproj/GoogleSignIn.strings ... 
2184 bytes for ./Payload/jesey.app/GoogleSignIn.bundle/es_MX.lproj/GoogleSignIn.strings
copying file ./Payload/jesey.app/GoogleSignIn.bundle/zh_CN.lproj/GoogleSignIn.strings ... 
2096 bytes for ./Payload/jesey.app/GoogleSignIn.bundle/zh_CN.lproj/GoogleSignIn.strings
copying file ./Payload/jesey.app/GoogleSignIn.bundle/nb.lproj/GoogleSignIn.strings ... 
2173 bytes for ./Payload/jesey.app/GoogleSignIn.bundle/nb.lproj/GoogleSignIn.strings
copying file ./Payload/jesey.app/GoogleSignIn.bundle/es.lproj/GoogleSignIn.strings ... 
2298 bytes for ./Payload/jesey.app/GoogleSignIn.bundle/es.lproj/GoogleSignIn.strings
copying file ./Payload/jesey.app/GoogleSignIn.bundle/pt_BR.lproj/GoogleSignIn.strings ... 
2227 bytes for ./Payload/jesey.app/GoogleSignIn.bundle/pt_BR.lproj/GoogleSignIn.strings
copying file ./Payload/jesey.app/GoogleSignIn.bundle/da.lproj/GoogleSignIn.strings ... 
2193 bytes for ./Payload/jesey.app/GoogleSignIn.bundle/da.lproj/GoogleSignIn.strings
copying file ./Payload/jesey.app/GoogleSignIn.bundle/it.lproj/GoogleSignIn.strings ... 
2155 bytes for ./Payload/jesey.app/GoogleSignIn.bundle/it.lproj/GoogleSignIn.strings
copying file ./Payload/jesey.app/GoogleSignIn.bundle/sk.lproj/GoogleSignIn.strings ... 
2305 bytes for ./Payload/jesey.app/GoogleSignIn.bundle/sk.lproj/GoogleSignIn.strings
copying file ./Payload/jesey.app/GoogleSignIn.bundle/pt_PT.lproj/GoogleSignIn.strings ... 
2265 bytes for ./Payload/jesey.app/GoogleSignIn.bundle/pt_PT.lproj/GoogleSignIn.strings
copying file ./Payload/jesey.app/GoogleSignIn.bundle/google@3x.png ... 
1622 bytes for ./Payload/jesey.app/GoogleSignIn.bundle/google@3x.png
copying file ./Payload/jesey.app/GoogleSignIn.bundle/ms.lproj/GoogleSignIn.strings ... 
2157 bytes for ./Payload/jesey.app/GoogleSignIn.bundle/ms.lproj/GoogleSignIn.strings
copying file ./Payload/jesey.app/GoogleSignIn.bundle/sv.lproj/GoogleSignIn.strings ... 
2176 bytes for ./Payload/jesey.app/GoogleSignIn.bundle/sv.lproj/GoogleSignIn.strings
copying file ./Payload/jesey.app/GoogleSignIn.bundle/cs.lproj/GoogleSignIn.strings ... 
2244 bytes for ./Payload/jesey.app/GoogleSignIn.bundle/cs.lproj/GoogleSignIn.strings
copying file ./Payload/jesey.app/GoogleSignIn.bundle/google@2x.png ... 
987 bytes for ./Payload/jesey.app/GoogleSignIn.bundle/google@2x.png
copying file ./Payload/jesey.app/GoogleSignIn.bundle/ko.lproj/GoogleSignIn.strings ... 
2252 bytes for ./Payload/jesey.app/GoogleSignIn.bundle/ko.lproj/GoogleSignIn.strings
copying file ./Payload/jesey.app/GoogleSignIn.bundle/hu.lproj/GoogleSignIn.strings ... 
2304 bytes for ./Payload/jesey.app/GoogleSignIn.bundle/hu.lproj/GoogleSignIn.strings
2019-06-16 09:21:51 +0000  copying file ./Payload/jesey.app/GoogleSignIn.bundle/tr.lproj/GoogleSignIn.strings ... 
2019-06-16 09:21:51 +0000  2201 bytes for ./Payload/jesey.app/GoogleSignIn.bundle/tr.lproj/GoogleSignIn.strings
copying file ./Payload/jesey.app/GoogleSignIn.bundle/pl.lproj/GoogleSignIn.strings ... 
2175 bytes for ./Payload/jesey.app/GoogleSignIn.bundle/pl.lproj/GoogleSignIn.strings
copying file ./Payload/jesey.app/GoogleSignIn.bundle/zh_TW.lproj/GoogleSignIn.strings ... 
2110 bytes for ./Payload/jesey.app/GoogleSignIn.bundle/zh_TW.lproj/GoogleSignIn.strings
copying file ./Payload/jesey.app/GoogleSignIn.bundle/en_GB.lproj/GoogleSignIn.strings ... 
2116 bytes for ./Payload/jesey.app/GoogleSignIn.bundle/en_GB.lproj/GoogleSignIn.strings
copying file ./Payload/jesey.app/GoogleSignIn.bundle/vi.lproj/GoogleSignIn.strings ... 
2355 bytes for ./Payload/jesey.app/GoogleSignIn.bundle/vi.lproj/GoogleSignIn.strings
copying file ./Payload/jesey.app/GoogleSignIn.bundle/ru.lproj/GoogleSignIn.strings ... 
2690 bytes for ./Payload/jesey.app/GoogleSignIn.bundle/ru.lproj/GoogleSignIn.strings
copying file ./Payload/jesey.app/GoogleSignIn.bundle/fr_CA.lproj/GoogleSignIn.strings ... 
2298 bytes for ./Payload/jesey.app/GoogleSignIn.bundle/fr_CA.lproj/GoogleSignIn.strings
copying file ./Payload/jesey.app/GoogleSignIn.bundle/fr.lproj/GoogleSignIn.strings ... 
2305 bytes for ./Payload/jesey.app/GoogleSignIn.bundle/fr.lproj/GoogleSignIn.strings
copying file ./Payload/jesey.app/GoogleSignIn.bundle/fi.lproj/GoogleSignIn.strings ... 
2236 bytes for ./Payload/jesey.app/GoogleSignIn.bundle/fi.lproj/GoogleSignIn.strings
copying file ./Payload/jesey.app/GoogleSignIn.bundle/id.lproj/GoogleSignIn.strings ... 
2120 bytes for ./Payload/jesey.app/GoogleSignIn.bundle/id.lproj/GoogleSignIn.strings
copying file ./Payload/jesey.app/GoogleSignIn.bundle/nl.lproj/GoogleSignIn.strings ... 
2199 bytes for ./Payload/jesey.app/GoogleSignIn.bundle/nl.lproj/GoogleSignIn.strings
copying file ./Payload/jesey.app/GoogleSignIn.bundle/th.lproj/GoogleSignIn.strings ... 
2019-06-16 09:21:51 +0000  2907 bytes for ./Payload/jesey.app/GoogleSignIn.bundle/th.lproj/GoogleSignIn.strings
copying file ./Payload/jesey.app/GoogleSignIn.bundle/pt.lproj/GoogleSignIn.strings ... 
2227 bytes for ./Payload/jesey.app/GoogleSignIn.bundle/pt.lproj/GoogleSignIn.strings
copying file ./Payload/jesey.app/GoogleSignIn.bundle/google.png ... 
572 bytes for ./Payload/jesey.app/GoogleSignIn.bundle/google.png
copying file ./Payload/jesey.app/GoogleSignIn.bundle/Roboto-Bold.ttf ... 
2019-06-16 09:21:51 +0000  127744 bytes for ./Payload/jesey.app/GoogleSignIn.bundle/Roboto-Bold.ttf
copying file ./Payload/jesey.app/GoogleSignIn.bundle/ro.lproj/GoogleSignIn.strings ... 
2216 bytes for ./Payload/jesey.app/GoogleSignIn.bundle/ro.lproj/GoogleSignIn.strings
copying file ./Payload/jesey.app/GoogleSignIn.bundle/Info.plist ... 
753 bytes for ./Payload/jesey.app/GoogleSignIn.bundle/Info.plist
copying file ./Payload/jesey.app/GoogleSignIn.bundle/hr.lproj/GoogleSignIn.strings ... 
2222 bytes for ./Payload/jesey.app/GoogleSignIn.bundle/hr.lproj/GoogleSignIn.strings
copying file ./Payload/jesey.app/GoogleSignIn.bundle/hi.lproj/GoogleSignIn.strings ... 
3087 bytes for ./Payload/jesey.app/GoogleSignIn.bundle/hi.lproj/GoogleSignIn.strings
copying file ./Payload/jesey.app/GoogleSignIn.bundle/ca.lproj/GoogleSignIn.strings ... 
2327 bytes for ./Payload/jesey.app/GoogleSignIn.bundle/ca.lproj/GoogleSignIn.strings
copying file ./Payload/jesey.app/Roboto.ttf ... 
2019-06-16 09:21:52 +0000  171676 bytes for ./Payload/jesey.app/Roboto.ttf
copying file ./Payload/jesey.app/Assets.car ... 
2019-06-16 09:21:52 +0000  62280 bytes for ./Payload/jesey.app/Assets.car
copying file ./Payload/jesey.app/AppIcon40x40@2x~ipad.png ... 
816 bytes for ./Payload/jesey.app/AppIcon40x40@2x~ipad.png
copying file ./Payload/jesey.app/AppIcon76x76@2x~ipad.png ... 
1222 bytes for ./Payload/jesey.app/AppIcon76x76@2x~ipad.png
copying file ./Payload/jesey.app/AppIcon72x72~ipad.png ... 
738 bytes for ./Payload/jesey.app/AppIcon72x72~ipad.png
copying file ./Payload/jesey.app/main.jsbundle ... 
2019-06-16 09:21:52 +0000  1668211 bytes for ./Payload/jesey.app/main.jsbundle
2019-06-16 09:21:52 +0000  copying file ./Payload/jesey.app/AppIcon83.5x83.5@2x~ipad.png ... 
2019-06-16 09:21:52 +0000  1334 bytes for ./Payload/jesey.app/AppIcon83.5x83.5@2x~ipad.png
2019-06-16 09:21:52 +0000  copying file ./Payload/jesey.app/AppIcon50x50~ipad.png ... 
2019-06-16 09:21:52 +0000  529 bytes for ./Payload/jesey.app/AppIcon50x50~ipad.png
2019-06-16 09:21:52 +0000  copying file ./Payload/jesey.app/AppIcon29x29@2x~ipad.png ... 
2019-06-16 09:21:52 +0000  596 bytes for ./Payload/jesey.app/AppIcon29x29@2x~ipad.png
2019-06-16 09:21:52 +0000  copying file ./Payload/jesey.app/AppIcon50x50@2x~ipad.png ... 
913 bytes for ./Payload/jesey.app/AppIcon50x50@2x~ipad.png
copying file ./Payload/jesey.app/AppIcon40x40~ipad.png ... 
2019-06-16 09:21:52 +0000  488 bytes for ./Payload/jesey.app/AppIcon40x40~ipad.png
2019-06-16 09:21:52 +0000  copying file ./Payload/jesey.app/AppIcon20x20~ipad.png ... 
2019-06-16 09:21:52 +0000  337 bytes for ./Payload/jesey.app/AppIcon20x20~ipad.png
copying file ./Payload/jesey.app/embedded.mobileprovision ... 
11031 bytes for ./Payload/jesey.app/embedded.mobileprovision
copying file ./Payload/jesey.app/Roboto-Bold.ttf ... 
2019-06-16 09:21:52 +0000  170760 bytes for ./Payload/jesey.app/Roboto-Bold.ttf
2019-06-16 09:21:52 +0000  copying file ./Payload/jesey.app/assets/node_modules/react-navigation-stack/src/views/assets/back-icon@3x.png ... 
761 bytes for ./Payload/jesey.app/assets/node_modules/react-navigation-stack/src/views/assets/back-icon@3x.png
copying file ./Payload/jesey.app/assets/node_modules/react-navigation-stack/src/views/assets/back-icon@2x.png ... 
405 bytes for ./Payload/jesey.app/assets/node_modules/react-navigation-stack/src/views/assets/back-icon@2x.png
copying file ./Payload/jesey.app/assets/node_modules/react-navigation-stack/src/views/assets/back-icon.png ... 
290 bytes for ./Payload/jesey.app/assets/node_modules/react-navigation-stack/src/views/assets/back-icon.png
copying file ./Payload/jesey.app/assets/node_modules/react-navigation-stack/src/views/assets/back-icon-mask.png ... 
1619 bytes for ./Payload/jesey.app/assets/node_modules/react-navigation-stack/src/views/assets/back-icon-mask.png
copying file ./Payload/jesey.app/assets/assets/images/dictationGlyph/dictationGlyph@3x.png ... 
1791 bytes for ./Payload/jesey.app/assets/assets/images/dictationGlyph/dictationGlyph@3x.png
copying file ./Payload/jesey.app/assets/assets/images/dictationGlyph/dictationGlyph@2x.png ... 
1035 bytes for ./Payload/jesey.app/assets/assets/images/dictationGlyph/dictationGlyph@2x.png
copying file ./Payload/jesey.app/assets/assets/images/dictationGlyph/dictationGlyph.png ... 
527 bytes for ./Payload/jesey.app/assets/assets/images/dictationGlyph/dictationGlyph.png
copying file ./Payload/jesey.app/assets/assets/images/googleIcon/googleIcon@3x.png ... 
3547 bytes for ./Payload/jesey.app/assets/assets/images/googleIcon/googleIcon@3x.png
copying file ./Payload/jesey.app/assets/assets/images/googleIcon/googleIcon@2x.png ... 
2455 bytes for ./Payload/jesey.app/assets/assets/images/googleIcon/googleIcon@2x.png
copying file ./Payload/jesey.app/assets/assets/images/googleIcon/googleIcon.png ... 
1319 bytes for ./Payload/jesey.app/assets/assets/images/googleIcon/googleIcon.png
copying file ./Payload/jesey.app/assets/assets/images/jeseyLogo/jeseyLogo@2x.png ... 
3933 bytes for ./Payload/jesey.app/assets/assets/images/jeseyLogo/jeseyLogo@2x.png
copying file ./Payload/jesey.app/assets/assets/images/jeseyLogo/jeseyLogo.png ... 
1921 bytes for ./Payload/jesey.app/assets/assets/images/jeseyLogo/jeseyLogo.png
copying file ./Payload/jesey.app/assets/assets/images/jeseyLogo/jeseyLogo@3x.png ... 
6005 bytes for ./Payload/jesey.app/assets/assets/images/jeseyLogo/jeseyLogo@3x.png
copying file ./Payload/jesey.app/assets/assets/images/jeseyLogoText/jeseyLogoText@3x.png ... 
1769 bytes for ./Payload/jesey.app/assets/assets/images/jeseyLogoText/jeseyLogoText@3x.png
copying file ./Payload/jesey.app/assets/assets/images/jeseyLogoText/jeseyLogoText@2x.png ... 
1236 bytes for ./Payload/jesey.app/assets/assets/images/jeseyLogoText/jeseyLogoText@2x.png
copying file ./Payload/jesey.app/assets/assets/images/jeseyLogoText/jeseyLogoText.png ... 
679 bytes for ./Payload/jesey.app/assets/assets/images/jeseyLogoText/jeseyLogoText.png
copying file ./Payload/jesey.app/assets/assets/images/share/share@2x.png ... 
539 bytes for ./Payload/jesey.app/assets/assets/images/share/share@2x.png
copying file ./Payload/jesey.app/assets/assets/images/share/share@3x.png ... 
781 bytes for ./Payload/jesey.app/assets/assets/images/share/share@3x.png
copying file ./Payload/jesey.app/assets/assets/images/share/share.png ... 
297 bytes for ./Payload/jesey.app/assets/assets/images/share/share.png
copying file ./Payload/jesey.app/assets/assets/chatGif.gif ... 
2019-06-16 09:21:53 +0000  3784136 bytes for ./Payload/jesey.app/assets/assets/chatGif.gif
copying file ./Payload/jesey.app/AppIcon20x20@2x~ipad.png ... 
488 bytes for ./Payload/jesey.app/AppIcon20x20@2x~ipad.png
copying file ./Payload/jesey.app/Info.plist ... 
1991 bytes for ./Payload/jesey.app/Info.plist
copying file ./Payload/jesey.app/Calibri.ttf ... 
2019-06-16 09:21:53 +0000  264052 bytes for ./Payload/jesey.app/Calibri.ttf
copying file ./Payload/jesey.app/PkgInfo ... 
2019-06-16 09:21:53 +0000  8 bytes for ./Payload/jesey.app/PkgInfo
copying file ./Payload/jesey.app/AppIcon76x76~ipad.png ... 
820 bytes for ./Payload/jesey.app/AppIcon76x76~ipad.png
2019-06-16 09:21:53 +0000  /usr/bin/ditto exited with 0
2019-06-16 09:21:53 +0000  Processing step: IDEDistributionAppStoreInformationStep
2019-06-16 09:21:53 +0000  Skipping step: IDEDistributionAppStoreInformationStep because it said so
2019-06-16 09:21:53 +0000  Processing step: IDEDistributionCreateManifestStep
